%このファイルは日本語文字を含みます.
\BOOKMARK [1][-]{Doc-Start}{\376\377\145\071\212\002\134\145\153\164}{}% 1
\BOOKMARK [1][-]{section.1}{\376\377\0001\000\040\060\123\060\156\214\307\145\231\060\153\060\144\060\104\060\146}{}% 2
\BOOKMARK [2][-]{subsection.1.1}{\376\377\0001\000.\0001\000\040\117\115\177\156\060\145\060\121}{section.1}% 3
\BOOKMARK [2][-]{subsection.1.2}{\376\377\0001\000.\0002\000\040\212\255\060\177\145\271}{section.1}% 4
\BOOKMARK [2][-]{subsection.1.3}{\376\377\0001\000.\0003\000\040\060\342\060\270\060\345\060\374\060\353\116\000\211\247\060\150\133\146\177\322\060\354\060\331\060\353}{section.1}% 5
\BOOKMARK [1][-]{section.2}{\376\377\0002\000\040\060\020\127\372\147\054\060\021\000L\000e\000d\000M\000o\000d\000u\000l\000e\000\040\040\024\000\040\147\000\134\017\151\313\142\020\060\156\127\372\147\054\060\321\060\277\060\374\060\363}{}% 6
\BOOKMARK [2][-]{subsection.2.1}{\376\377\0002\000.\0001\000\040\060\330\060\303\060\300\060\374\377\010\000L\000e\000d\000M\000o\000d\000u\000l\000e\000.\000h\377\011}{section.2}% 7
\BOOKMARK [2][-]{subsection.2.2}{\376\377\0002\000.\0002\000\040\133\237\210\305\377\010\000L\000e\000d\000M\000o\000d\000u\000l\000e\000.\000c\000p\000p\377\011}{section.2}% 8
\BOOKMARK [2][-]{subsection.2.3}{\376\377\0002\000.\0003\000\040\000P\000r\000o\000j\000e\000c\000t\000C\000o\000n\000f\000i\000g\000.\000h\060\147\060\156\133\232\177\251}{section.2}% 9
\BOOKMARK [1][-]{section.3}{\376\377\0003\000\040\060\020\127\372\147\054\060\021\000B\000u\000t\000t\000o\000n\000M\000o\000d\000u\000l\000e\000\040\040\024\000\040\060\307\060\320\060\246\060\363\060\271\060\321\060\277\060\374\060\363}{}% 10
\BOOKMARK [2][-]{subsection.3.1}{\376\377\0003\000.\0001\000\040\000C\000o\000n\000f\000i\000g\000/\000D\000a\000t\000a\151\313\220\040\117\123}{section.3}% 11
\BOOKMARK [2][-]{subsection.3.2}{\376\377\0003\000.\0002\000\040\060\307\060\320\060\246\060\363\060\271\060\156\133\237\210\305}{section.3}% 12
\BOOKMARK [2][-]{subsection.3.3}{\376\377\0003\000.\0003\000\040\060\355\060\270\060\303\060\257\060\325\060\247\060\374\060\272\060\147\060\156\117\177\165\050\117\213}{section.3}% 13
\BOOKMARK [1][-]{section.4}{\376\377\0004\000\040\060\020\127\372\147\054\060\021\000B\000a\000t\000t\000e\000r\000y\000M\000o\000d\000u\000l\000e\000\040\040\024\000\040\000A\000D\000C\000\040\000+\000\040\171\373\122\325\136\163\127\107\060\325\060\243\060\353\060\277}{}% 14
\BOOKMARK [2][-]{subsection.4.1}{\376\377\0004\000.\0001\000\040\000C\000o\000n\000f\000i\000g\000/\000D\000a\000t\000a\151\313\220\040\117\123}{section.4}% 15
\BOOKMARK [2][-]{subsection.4.2}{\376\377\0004\000.\0002\000\040\060\352\060\363\060\260\060\320\060\303\060\325\060\241\060\150\171\373\122\325\136\163\127\107}{section.4}% 16
\BOOKMARK [1][-]{section.5}{\376\377\0005\000\040\060\020\127\372\147\054\060\021\000S\000e\000r\000v\000o\000M\000o\000d\000u\000l\000e\000\040\040\024\000\040\000P\000W\000M\121\372\122\233\060\321\060\277\060\374\060\363}{}% 17
\BOOKMARK [2][-]{subsection.5.1}{\376\377\0005\000.\0001\000\040\000C\000o\000n\000f\000i\000g\000/\000D\000a\000t\000a\151\313\220\040\117\123}{section.5}% 18
\BOOKMARK [2][-]{subsection.5.2}{\376\377\0005\000.\0002\000\040\000u\000p\000d\000a\000t\000e\000O\000u\000t\000p\000u\000t\000\050\000\051\060\156\133\237\210\305}{section.5}% 19
\BOOKMARK [1][-]{section.6}{\376\377\0006\000\040\060\020\127\372\147\054\060\021\000B\000u\000z\000z\000e\000r\000M\000o\000d\000u\000l\000e\000\040\040\024\000\040\000d\000e\000i\000n\000i\000t\000\050\000\051\060\321\060\277\060\374\060\363}{}% 20
\BOOKMARK [2][-]{subsection.6.1}{\376\377\0006\000.\0001\000\040\000D\000a\000t\000a\151\313\220\040\117\123\060\156\060\352\060\257\060\250\060\271\060\310\060\321\060\277\060\374\060\363}{section.6}% 21
\BOOKMARK [2][-]{subsection.6.2}{\376\377\0006\000.\0002\000\040\000u\000p\000d\000a\000t\000e\000O\000u\000t\000p\000u\000t\000\050\000\051\060\156\133\237\210\305}{section.6}% 22
\BOOKMARK [2][-]{subsection.6.3}{\376\377\0006\000.\0003\000\040\000d\000e\000i\000n\000i\000t\000\050\000\051\060\156\133\237\210\305}{section.6}% 23
\BOOKMARK [1][-]{section.7}{\376\377\0007\000\040\060\020\116\055\175\032\060\021\000M\000p\000u\0006\0005\0000\0000\000M\000o\000d\000u\000l\000e\000\040\040\024\000\040\000I\0002\000C\060\320\060\271\060\321\060\277\060\374\060\363}{}% 24
\BOOKMARK [2][-]{subsection.7.1}{\376\377\0007\000.\0001\000\040\060\320\060\271\060\335\060\244\060\363\060\277\060\156\123\327\060\121\123\326\060\212}{section.7}% 25
\BOOKMARK [2][-]{subsection.7.2}{\376\377\0007\000.\0002\000\040\000m\000a\000i\000n\000.\000c\000p\000p\060\147\060\156\060\320\060\271\173\241\164\006}{section.7}% 26
\BOOKMARK [1][-]{section.8}{\376\377\0008\000\040\060\020\116\055\175\032\060\021\000D\000i\000s\000p\000l\000a\000y\000B\000o\000a\000r\000d\000M\000o\000d\000u\000l\000e\000\040\040\024\000\040\121\145\121\372\122\233\175\161\124\010\000\040\000+\000\040\060\351\060\244\060\326\060\351\060\352\121\205\220\350\173\241\164\006}{}% 27
\BOOKMARK [2][-]{subsection.8.1}{\376\377\0008\000.\0001\000\040\060\152\060\134\0001\060\342\060\270\060\345\060\374\060\353\060\153\175\161\124\010\060\131\060\213\060\156\060\113}{section.8}% 28
\BOOKMARK [2][-]{subsection.8.2}{\376\377\0008\000.\0002\000\040\060\351\060\244\060\326\060\351\060\352\060\156\121\205\220\350\173\241\164\006\060\321\060\277\060\374\060\363}{section.8}% 29
\BOOKMARK [2][-]{subsection.8.3}{\376\377\0008\000.\0003\000\040\000D\000a\000t\000a\151\313\220\040\117\123\060\156\121\145\121\372\122\233\175\161\124\010}{section.8}% 30
\BOOKMARK [2][-]{subsection.8.4}{\376\377\0008\000.\0004\000\040\060\355\060\270\060\303\060\257\060\325\060\247\060\374\060\272\060\147\060\156\210\150\171\072\121\205\133\271\212\055\133\232}{section.8}% 31
\BOOKMARK [1][-]{section.9}{\376\377\0009\000\040\060\020\116\055\175\032\060\021\000C\000a\000m\000e\000r\000a\000M\000o\000d\000u\000l\000e\000\040\040\024\000\040\000P\000S\000R\000A\000M\060\320\060\303\060\325\060\241\000\040\000+\000\040\060\325\060\354\060\374\060\340\173\241\164\006}{}% 32
\BOOKMARK [2][-]{subsection.9.1}{\376\377\0009\000.\0001\000\040\000C\000o\000n\000f\000i\000g\060\156\131\047\221\317\060\324\060\363\173\241\164\006}{section.9}% 33
\BOOKMARK [2][-]{subsection.9.2}{\376\377\0009\000.\0002\000\040\060\325\060\354\060\374\060\340\060\320\060\303\060\325\060\241\060\156\173\241\164\006}{section.9}% 34
\BOOKMARK [1][-]{section.10}{\376\377\0001\0000\000\040\060\020\137\334\165\050\060\021\000D\000r\000i\000v\000e\000M\000o\000t\000o\000r\000M\000o\000d\000u\000l\000e\000\040\040\024\000\040\000P\000W\000M\000\040\0002\060\324\060\363\122\066\137\241\000\040\000+\000\040\175\161\124\010\220\350\124\301}{}% 35
\BOOKMARK [2][-]{subsection.10.1}{\376\377\0001\0000\000.\0001\000\040\0002\060\144\060\156\117\177\060\104\145\271}{section.10}% 36
\BOOKMARK [2][-]{subsection.10.2}{\376\377\0001\0000\000.\0002\000\040\220\006\216\342\117\335\213\167}{section.10}% 37
\BOOKMARK [1][-]{section.11}{\376\377\0001\0001\000\040\060\020\137\334\165\050\060\021\000C\000h\000a\000s\000s\000i\000s\000M\000o\000d\000u\000l\000e\000\040\040\024\000\040\152\137\200\375\175\161\124\010\060\321\060\277\060\374\060\363}{}% 38
\BOOKMARK [2][-]{subsection.11.1}{\376\377\0001\0001\000.\0001\000\040\121\205\220\350\060\342\060\270\060\345\060\374\060\353\060\156\117\335\143\001}{section.11}% 39
\BOOKMARK [2][-]{subsection.11.2}{\376\377\0001\0001\000.\0002\000\040\211\252\060\342\060\270\060\345\060\374\060\353\060\113\060\211\060\156\122\066\137\241\131\324\213\162}{section.11}% 40
\BOOKMARK [1][-]{section.12}{\376\377\0001\0002\000\040\060\020\137\334\165\050\060\021\000B\000l\000e\000M\000o\000d\000u\000l\000e\000\040\040\024\000\040\060\271\060\354\060\303\060\311\060\273\060\374\060\325\060\306\060\243\060\321\060\277\060\374\060\363}{}% 41
\BOOKMARK [2][-]{subsection.12.1}{\376\377\0001\0002\000.\0001\000\040\121\205\220\350\060\320\060\303\060\325\060\241\060\150\000v\000o\000l\000a\000t\000i\000l\000e\060\325\060\351\060\260}{section.12}% 42
\BOOKMARK [2][-]{subsection.12.2}{\376\377\0001\0002\000.\0002\000\040\060\263\060\374\060\353\060\320\060\303\060\257\041\222\121\205\220\350\060\320\060\303\060\325\060\241\041\222\000S\000y\000s\000t\000e\000m\000D\000a\000t\000a}{section.12}% 43
\BOOKMARK [2][-]{subsection.12.3}{\376\377\0001\0002\000.\0003\000\040\000B\000L\000E\060\263\060\374\060\353\060\320\060\303\060\257\060\156\166\173\223\062}{section.12}% 44
\BOOKMARK [2][-]{subsection.12.4}{\376\377\0001\0002\000.\0004\000\040\220\001\117\341\060\156\155\101\060\214\377\010\060\355\060\270\060\303\060\257\060\325\060\247\060\374\060\272\041\222\000u\000p\000d\000a\000t\000e\000O\000u\000t\000p\000u\000t\000\050\000\051\377\011}{section.12}% 45
\BOOKMARK [1][-]{section.13}{\376\377\0001\0003\000\040\060\020\137\334\165\050\060\021\000W\000i\000f\000i\000M\000o\000d\000u\000l\000e\000\040\040\024\000\040\060\271\060\306\060\374\060\310\060\336\060\267\060\363\060\321\060\277\060\374\060\363}{}% 46
\BOOKMARK [2][-]{subsection.13.1}{\376\377\0001\0003\000.\0001\000\040\162\266\141\113\133\232\177\251}{section.13}% 47
\BOOKMARK [2][-]{subsection.13.2}{\376\377\0001\0003\000.\0002\000\040\060\271\060\306\060\374\060\310\060\336\060\267\060\363\060\156\133\237\210\305}{section.13}% 48
\BOOKMARK [2][-]{subsection.13.3}{\376\377\0001\0003\000.\0003\000\040\060\355\060\270\060\303\060\257\060\325\060\247\060\374\060\272\060\147\060\156\117\177\165\050\117\213}{section.13}% 49
\BOOKMARK [1][-]{section.14}{\376\377\0001\0004\000\040\060\020\137\334\165\050\060\021\000E\000n\000c\000o\000d\000e\000r\000M\000o\000d\000u\000l\000e\000\040\040\024\000\040\122\162\060\212\217\274\060\177\220\043\144\072\060\321\060\277\060\374\060\363}{}% 50
\BOOKMARK [2][-]{subsection.14.1}{\376\377\0001\0004\000.\0001\000\040\122\162\060\212\217\274\060\177\060\317\060\363\060\311\060\351\060\156\212\055\212\010}{section.14}% 51
\BOOKMARK [2][-]{subsection.14.2}{\376\377\0001\0004\000.\0002\000\040\000I\000S\000R\041\222\000v\000o\000l\000a\000t\000i\000l\000e\041\222\000u\000p\000d\000a\000t\000e\000I\000n\000p\000u\000t\000\050\000\051\060\156\155\101\060\214}{section.14}% 52
\BOOKMARK [2][-]{subsection.14.3}{\376\377\0001\0004\000.\0003\000\040\000d\000e\000i\000n\000i\000t\000\050\000\051\060\147\122\162\060\212\217\274\060\177\060\222\211\343\226\144}{section.14}% 53
