%このファイルは日本語文字を含みます.
\BOOKMARK [1][-]{section.1}{\376\377\0001\000\040\121\150\220\350\000m\000a\000i\000n\000.\000c\000p\000p\060\153\146\370\060\117\060\150\060\151\060\106\060\152\060\213\377\037}{}% 1
\BOOKMARK [2][-]{subsection.1.1}{\376\377\0001\000.\0001\000\040\125\117\230\114\0001\000:\000\040\200\245\131\047\123\026}{section.1}% 2
\BOOKMARK [2][-]{subsection.1.2}{\376\377\0001\000.\0002\000\040\125\117\230\114\0002\000:\000\040\060\336\060\270\060\303\060\257\060\312\060\363\060\320\060\374}{section.1}% 3
\BOOKMARK [2][-]{subsection.1.3}{\376\377\0001\000.\0003\000\040\125\117\230\114\0003\000:\000\040\121\215\122\051\165\050\060\147\060\115\060\152\060\104}{section.1}% 4
\BOOKMARK [1][-]{section.2}{\376\377\0002\000\040\060\342\060\270\060\345\060\374\060\353\060\150\060\104\060\106\200\003\060\110\145\271}{}% 5
\BOOKMARK [1][-]{section.3}{\376\377\0003\000\040\060\244\060\363\060\277\060\374\060\325\060\247\060\374\060\271\060\147\175\161\116\000\060\131\060\213}{}% 6
\BOOKMARK [2][-]{subsection.3.1}{\376\377\0003\000.\0001\000\040\000v\000i\000r\000t\000u\000a\000l\060\150\060\157}{section.3}% 7
\BOOKMARK [2][-]{subsection.3.2}{\376\377\0003\000.\0002\000\040\000=\000\040\0000\377\010\175\024\174\213\116\356\140\363\225\242\145\160\377\011\060\150\060\157}{section.3}% 8
\BOOKMARK [2][-]{subsection.3.3}{\376\377\0003\000.\0003\000\040\221\115\122\027\060\147\126\336\060\133\060\213\060\341\060\352\060\303\060\310}{section.3}% 9
\BOOKMARK [1][-]{section.4}{\376\377\0004\000\040\060\307\060\374\060\277\060\156\155\101\060\214\060\222\145\164\164\006\060\131\060\213}{}% 10
\BOOKMARK [2][-]{subsection.4.1}{\376\377\0004\000.\0001\000\040\060\152\060\134\137\305\211\201\060\152\060\156\377\037}{section.4}% 11
\BOOKMARK [1][-]{section.5}{\376\377\0005\000\040\0003\060\325\060\247\060\374\060\272\060\342\060\307\060\353}{}% 12
\BOOKMARK [1][-]{section.6}{\376\377\0006\000\040\133\237\215\365\000\040\040\024\000\040\060\273\060\363\060\265\060\374\060\342\060\270\060\345\060\374\060\353\060\222\117\134\060\213}{}% 13
\BOOKMARK [2][-]{subsection.6.1}{\376\377\0006\000.\0001\000\040\060\271\060\306\060\303\060\327\0001\000:\000\040\000C\000o\000n\000f\000i\000g\151\313\220\040\117\123}{section.6}% 14
\BOOKMARK [2][-]{subsection.6.2}{\376\377\0006\000.\0002\000\040\060\271\060\306\060\303\060\327\0002\000:\000\040\000D\000a\000t\000a\151\313\220\040\117\123}{section.6}% 15
\BOOKMARK [2][-]{subsection.6.3}{\376\377\0006\000.\0003\000\040\060\271\060\306\060\303\060\327\0003\000:\000\040\060\257\060\351\060\271\133\243\212\000\377\010\000.\000h\060\325\060\241\060\244\060\353\377\011}{section.6}% 16
\BOOKMARK [2][-]{subsection.6.4}{\376\377\0006\000.\0004\000\040\060\271\060\306\060\303\060\327\0004\000:\000\040\060\341\060\275\060\303\060\311\133\237\210\305\377\010\000.\000c\000p\000p\060\325\060\241\060\244\060\353\377\011}{section.6}% 17
\BOOKMARK [2][-]{subsection.6.5}{\376\377\0006\000.\0005\000\040\060\271\060\306\060\303\060\327\0005\000:\000\040\000S\000y\000s\000t\000e\000m\000D\000a\000t\000a\060\153\217\375\122\240}{section.6}% 18
\BOOKMARK [2][-]{subsection.6.6}{\376\377\0006\000.\0006\000\040\060\271\060\306\060\303\060\327\0006\000:\000\040\000P\000r\000o\000j\000e\000c\000t\000C\000o\000n\000f\000i\000g\000.\000h\060\153\217\375\122\240}{section.6}% 19
\BOOKMARK [2][-]{subsection.6.7}{\376\377\0006\000.\0007\000\040\060\271\060\306\060\303\060\327\0007\000:\000\040\000m\000a\000i\000n\000.\000c\000p\000p\060\153\217\375\122\240}{section.6}% 20
\BOOKMARK [1][-]{section.7}{\376\377\0007\000\040\212\055\212\010\060\156\060\263\060\304\226\306}{}% 21
\BOOKMARK [1][-]{lstnumber.-38.12}{\376\377\116\330\223\062\000A\000:\000\040\000C\000+\000+\060\257\060\351\060\271\060\156\127\372\171\016}{}% 22
